<?xml version="1.0" encoding="UTF-8"?>
<testsuite name="org.generation.MyFirstWebApp.UserServiceApplicationTests" tests="1" skipped="0" failures="0" errors="0" timestamp="2021-11-01T21:59:25" hostname="Appledore" time="10.822">
  <properties/>
  <testcase name="contextLoads()" classname="org.generation.MyFirstWebApp.UserServiceApplicationTests" time="10.822"/>
  <system-out><![CDATA[15:58:48.835 [Test worker] DEBUG org.springframework.test.context.BootstrapUtils - Instantiating CacheAwareContextLoaderDelegate from class [org.springframework.test.context.cache.DefaultCacheAwareContextLoaderDelegate]
15:58:49.225 [Test worker] DEBUG org.springframework.test.context.BootstrapUtils - Instantiating BootstrapContext using constructor [public org.springframework.test.context.support.DefaultBootstrapContext(java.lang.Class,org.springframework.test.context.CacheAwareContextLoaderDelegate)]
15:58:49.611 [Test worker] DEBUG org.springframework.test.context.BootstrapUtils - Instantiating TestContextBootstrapper for test class [org.generation.MyFirstWebApp.UserServiceApplicationTests] from class [org.springframework.boot.test.context.SpringBootTestContextBootstrapper]
15:58:50.008 [Test worker] INFO org.springframework.boot.test.context.SpringBootTestContextBootstrapper - Neither @ContextConfiguration nor @ContextHierarchy found for test class [org.generation.MyFirstWebApp.UserServiceApplicationTests], using SpringBootContextLoader
15:58:50.067 [Test worker] DEBUG org.springframework.test.context.support.AbstractContextLoader - Did not detect default resource location for test class [org.generation.MyFirstWebApp.UserServiceApplicationTests]: class path resource [org/generation/MyFirstWebApp/UserServiceApplicationTests-context.xml] does not exist
15:58:50.071 [Test worker] DEBUG org.springframework.test.context.support.AbstractContextLoader - Did not detect default resource location for test class [org.generation.MyFirstWebApp.UserServiceApplicationTests]: class path resource [org/generation/MyFirstWebApp/UserServiceApplicationTestsContext.groovy] does not exist
15:58:50.073 [Test worker] INFO org.springframework.test.context.support.AbstractContextLoader - Could not detect default resource locations for test class [org.generation.MyFirstWebApp.UserServiceApplicationTests]: no resource found for suffixes {-context.xml, Context.groovy}.
15:58:50.079 [Test worker] INFO org.springframework.test.context.support.AnnotationConfigContextLoaderUtils - Could not detect default configuration classes for test class [org.generation.MyFirstWebApp.UserServiceApplicationTests]: UserServiceApplicationTests does not declare any static, non-private, non-final, nested classes annotated with @Configuration.
15:58:50.820 [Test worker] DEBUG org.springframework.test.context.support.ActiveProfilesUtils - Could not find an 'annotation declaring class' for annotation type [org.springframework.test.context.ActiveProfiles] and class [org.generation.MyFirstWebApp.UserServiceApplicationTests]
15:58:52.128 [Test worker] DEBUG org.springframework.context.annotation.ClassPathScanningCandidateComponentProvider - Identified candidate component class: file [C:\Users\hogar.000\IdeaProjects\UserServiceApplicaiton\build\classes\java\main\org\generation\MyFirstWebApp\UserServiceApplication.class]
15:58:52.142 [Test worker] INFO org.springframework.boot.test.context.SpringBootTestContextBootstrapper - Found @SpringBootConfiguration org.generation.MyFirstWebApp.UserServiceApplication for test class org.generation.MyFirstWebApp.UserServiceApplicationTests
15:58:53.706 [Test worker] DEBUG org.springframework.boot.test.context.SpringBootTestContextBootstrapper - @TestExecutionListeners is not present for class [org.generation.MyFirstWebApp.UserServiceApplicationTests]: using defaults.
15:58:53.712 [Test worker] INFO org.springframework.boot.test.context.SpringBootTestContextBootstrapper - Loaded default TestExecutionListener class names from location [META-INF/spring.factories]: [org.springframework.boot.test.autoconfigure.restdocs.RestDocsTestExecutionListener, org.springframework.boot.test.autoconfigure.web.client.MockRestServiceServerResetTestExecutionListener, org.springframework.boot.test.autoconfigure.web.servlet.MockMvcPrintOnlyOnFailureTestExecutionListener, org.springframework.boot.test.autoconfigure.web.servlet.WebDriverTestExecutionListener, org.springframework.boot.test.mock.mockito.MockitoTestExecutionListener, org.springframework.boot.test.mock.mockito.ResetMocksTestExecutionListener, org.springframework.test.context.web.ServletTestExecutionListener, org.springframework.test.context.support.DirtiesContextBeforeModesTestExecutionListener, org.springframework.test.context.support.DependencyInjectionTestExecutionListener, org.springframework.test.context.support.DirtiesContextTestExecutionListener, org.springframework.test.context.transaction.TransactionalTestExecutionListener, org.springframework.test.context.jdbc.SqlScriptsTestExecutionListener, org.springframework.test.context.event.EventPublishingTestExecutionListener]
15:58:54.000 [Test worker] DEBUG org.springframework.boot.test.context.SpringBootTestContextBootstrapper - Skipping candidate TestExecutionListener [org.springframework.test.context.transaction.TransactionalTestExecutionListener] due to a missing dependency. Specify custom listener classes or make the default listener classes and their required dependencies available. Offending class: [org/springframework/transaction/interceptor/TransactionAttributeSource]
15:58:54.008 [Test worker] DEBUG org.springframework.boot.test.context.SpringBootTestContextBootstrapper - Skipping candidate TestExecutionListener [org.springframework.test.context.jdbc.SqlScriptsTestExecutionListener] due to a missing dependency. Specify custom listener classes or make the default listener classes and their required dependencies available. Offending class: [org/springframework/transaction/interceptor/TransactionAttribute]
15:58:54.107 [Test worker] INFO org.springframework.boot.test.context.SpringBootTestContextBootstrapper - Using TestExecutionListeners: [org.springframework.test.context.web.ServletTestExecutionListener@1a5e68e3, org.springframework.test.context.support.DirtiesContextBeforeModesTestExecutionListener@d823ed1, org.springframework.boot.test.mock.mockito.MockitoTestExecutionListener@6410c554, org.springframework.boot.test.autoconfigure.SpringBootDependencyInjectionTestExecutionListener@4b49eac5, org.springframework.test.context.support.DirtiesContextTestExecutionListener@22399a3f, org.springframework.test.context.event.EventPublishingTestExecutionListener@3e514c1f, org.springframework.boot.test.autoconfigure.restdocs.RestDocsTestExecutionListener@5c8904e4, org.springframework.boot.test.autoconfigure.web.client.MockRestServiceServerResetTestExecutionListener@5812d272, org.springframework.boot.test.autoconfigure.web.servlet.MockMvcPrintOnlyOnFailureTestExecutionListener@3694432d, org.springframework.boot.test.autoconfigure.web.servlet.WebDriverTestExecutionListener@291d054, org.springframework.boot.test.mock.mockito.ResetMocksTestExecutionListener@162b4ac6]
15:58:54.386 [Test worker] DEBUG org.springframework.test.context.support.AbstractDirtiesContextTestExecutionListener - Before test class: context [DefaultTestContext@35a97326 testClass = UserServiceApplicationTests, testInstance = [null], testMethod = [null], testException = [null], mergedContextConfiguration = [WebMergedContextConfiguration@3d4a9135 testClass = UserServiceApplicationTests, locations = '{}', classes = '{class org.generation.MyFirstWebApp.UserServiceApplication}', contextInitializerClasses = '[]', activeProfiles = '{}', propertySourceLocations = '{}', propertySourceProperties = '{org.springframework.boot.test.context.SpringBootTestContextBootstrapper=true}', contextCustomizers = set[org.springframework.boot.test.autoconfigure.properties.PropertyMappingContextCustomizer@0, org.springframework.boot.test.autoconfigure.web.servlet.WebDriverContextCustomizerFactory$Customizer@152675a1, org.springframework.boot.test.context.filter.ExcludeFilterContextCustomizer@1d062afa, org.springframework.boot.test.json.DuplicateJsonObjectContextCustomizerFactory$DuplicateJsonObjectContextCustomizer@3daee5ba, org.springframework.boot.test.mock.mockito.MockitoContextCustomizer@0, org.springframework.boot.test.web.client.TestRestTemplateContextCustomizer@3bafff4a], resourceBasePath = 'src/main/webapp', contextLoader = 'org.springframework.boot.test.context.SpringBootContextLoader', parent = [null]], attributes = map['org.springframework.test.context.web.ServletTestExecutionListener.activateListener' -> true]], class annotated with @DirtiesContext [false] with mode [null].
15:58:54.952 [Test worker] DEBUG org.springframework.test.context.support.TestPropertySourceUtils - Adding inlined properties to environment: {spring.jmx.enabled=false, org.springframework.boot.test.context.SpringBootTestContextBootstrapper=true, server.port=-1}

  .   ____          _            __ _ _
 /\\ / ___'_ __ _ _(_)_ __  __ _ \ \ \ \
( ( )\___ | '_ | '_| | '_ \/ _` | \ \ \ \
 \\/  ___)| |_)| | | | | || (_| |  ) ) ) )
  '  |____| .__|_| |_|_| |_\__, | / / / /
 =========|_|==============|___/=/_/_/_/
 :: Spring Boot ::        (v2.2.5.RELEASE)

2021-11-01 15:58:59.286  INFO 11068 --- [    Test worker] o.g.M.UserServiceApplicationTests        : Starting UserServiceApplicationTests on Appledore with PID 11068 (started by hogar in C:\Users\hogar.000\IdeaProjects\UserServiceApplicaiton)
2021-11-01 15:58:59.296  INFO 11068 --- [    Test worker] o.g.M.UserServiceApplicationTests        : No active profile set, falling back to default profiles: default
2021-11-01 15:59:16.943  INFO 11068 --- [    Test worker] o.s.s.concurrent.ThreadPoolTaskExecutor  : Initializing ExecutorService 'applicationTaskExecutor'
2021-11-01 15:59:24.736  INFO 11068 --- [    Test worker] o.g.M.UserServiceApplicationTests        : Started UserServiceApplicationTests in 29.553 seconds (JVM running for 52.025)
]]></system-out>
  <system-err><![CDATA[]]></system-err>
</testsuite>
